<?xml version="1.0" encoding="UTF-8"?>
<!-- Generated by org.testng.reporters.JUnitReportReporter -->
<testsuite skipped="0" hostname="DESKTOP-VEKUJ09" name="OopsConceptQuestion.TestNGFeature" tests="4" failures="0" timestamp="26 Sep 2019 03:31:13 GMT" time="0.010" errors="0">
  <testcase name="homepageTest" time="0.000" classname="OopsConceptQuestion.TestNGFeature"/>
  <testcase name="loginTest" time="0.008" classname="OopsConceptQuestion.TestNGFeature"/>
  <testcase name="regpageTest" time="0.001" classname="OopsConceptQuestion.TestNGFeature"/>
  <testcase name="searchpageTest" time="0.001" classname="OopsConceptQuestion.TestNGFeature"/>
</testsuite> <!-- OopsConceptQuestion.TestNGFeature -->
