<?xml version="1.0" encoding="UTF-8"?>
<!-- Generated by org.testng.reporters.JUnitReportReporter -->
<testsuite skipped="0" hostname="DESKTOP-VEKUJ09" name="SeleniumSession.TextMethod" tests="1" failures="0" timestamp="23 Nov 2019 18:45:40 GMT" time="7.049" errors="0">
  <testcase name="getText" time="7.049" classname="SeleniumSession.TextMethod"/>
</testsuite> <!-- SeleniumSession.TextMethod -->
