<?xml version="1.0" encoding="UTF-8"?>
<!-- Generated by org.testng.reporters.JUnitReportReporter -->
<testsuite skipped="0" hostname="DESKTOP-VEKUJ09" name="titlePage" tests="1" failures="0" timestamp="09 Jan 2020 04:16:02 GMT" time="6.243" errors="0">
  <testcase name="getTitle" time="6.243" classname="titlePage"/>
</testsuite> <!-- titlePage -->
