<?xml version="1.0" encoding="UTF-8"?>
<!-- Generated by org.testng.reporters.JUnitReportReporter -->
<testsuite skipped="0" hostname="DESKTOP-VEKUJ09" name="SeleniumSession.LoginPage" tests="1" failures="0" timestamp="22 Oct 2019 04:05:08 GMT" time="35.571" errors="0">
  <testcase name="loginPageTest" time="35.571" classname="SeleniumSession.LoginPage"/>
</testsuite> <!-- SeleniumSession.LoginPage -->
