<?xml version="1.0" encoding="UTF-8"?>
<!-- Generated by org.testng.reporters.JUnitReportReporter -->
<testsuite skipped="0" hostname="DESKTOP-VEKUJ09" name="SeleniumSession.AjaxControl" tests="1" failures="0" timestamp="10 Apr 2020 14:54:49 GMT" time="9.834" errors="0">
  <testcase name="testMethod" time="9.834" classname="SeleniumSession.AjaxControl"/>
</testsuite> <!-- SeleniumSession.AjaxControl -->
