<?xml version="1.0" encoding="UTF-8"?>
<!-- Generated by org.testng.reporters.JUnitReportReporter -->
<testsuite skipped="0" hostname="DESKTOP-VEKUJ09" name="LoingPage" tests="1" failures="0" timestamp="09 Jan 2020 04:14:49 GMT" time="6.182" errors="0">
  <testcase name="getTitle" time="6.182" classname="LoingPage"/>
</testsuite> <!-- LoingPage -->
