<?xml version="1.0" encoding="UTF-8"?>
<!-- Generated by org.testng.reporters.JUnitReportReporter -->
<testsuite skipped="0" hostname="DESKTOP-VEKUJ09" name="SeleniumSession.AlternativeURL" tests="1" failures="0" timestamp="23 Nov 2019 18:38:27 GMT" time="8.112" errors="0">
  <testcase name="urlTest" time="8.112" classname="SeleniumSession.AlternativeURL"/>
</testsuite> <!-- SeleniumSession.AlternativeURL -->
