<?xml version="1.0" encoding="UTF-8"?>
<!-- Generated by org.testng.reporters.JUnitReportReporter -->
<testsuite skipped="0" hostname="DESKTOP-VEKUJ09" name="SeleniumSession.FindWatch" tests="1" failures="0" timestamp="20 Mar 2020 03:57:42 GMT" time="6.010" errors="0">
  <testcase name="testFindWatch" time="6.010" classname="SeleniumSession.FindWatch"/>
</testsuite> <!-- SeleniumSession.FindWatch -->
