<?xml version="1.0" encoding="UTF-8"?>
<!-- Generated by org.testng.reporters.JUnitReportReporter -->
<testsuite skipped="0" hostname="DESKTOP-VEKUJ09" name="invocationCount" tests="5" failures="0" timestamp="09 Jan 2020 05:39:58 GMT" time="0.012" errors="0">
  <testcase name="sum" time="0.000" classname="invocationCount"/>
  <testcase name="sum" time="0.012" classname="invocationCount"/>
  <testcase name="sum" time="0.000" classname="invocationCount"/>
  <testcase name="sum" time="0.000" classname="invocationCount"/>
  <testcase name="sum" time="0.000" classname="invocationCount"/>
</testsuite> <!-- invocationCount -->
