<?xml version="1.0" encoding="UTF-8"?>
<!-- Generated by org.testng.reporters.JUnitReportReporter -->
<testsuite skipped="0" hostname="DESKTOP-VEKUJ09" name="SeleniumSession.HomePageTitle" tests="1" failures="0" timestamp="22 Oct 2019 03:15:36 GMT" time="6.261" errors="0">
  <testcase name="HomePageTitleTest" time="6.261" classname="SeleniumSession.HomePageTitle"/>
</testsuite> <!-- SeleniumSession.HomePageTitle -->
