<?xml version="1.0" encoding="UTF-8"?>
<!-- Generated by org.testng.reporters.JUnitReportReporter -->
<testsuite skipped="0" hostname="DESKTOP-VEKUJ09" name="SeleniumSession.GetText" tests="1" failures="0" timestamp="23 Nov 2019 17:55:12 GMT" time="6.079" errors="0">
  <testcase name="getTest" time="6.079" classname="SeleniumSession.GetText"/>
</testsuite> <!-- SeleniumSession.GetText -->
