<?xml version="1.0" encoding="UTF-8"?>
<!-- Generated by org.testng.reporters.JUnitReportReporter -->
<testsuite skipped="0" hostname="DESKTOP-VEKUJ09" name="SeleniumSession.SunTrustBankLogin" tests="1" failures="0" timestamp="08 Nov 2019 05:00:52 GMT" time="6.780" errors="0">
  <testcase name="loginTest" time="6.780" classname="SeleniumSession.SunTrustBankLogin"/>
</testsuite> <!-- SeleniumSession.SunTrustBankLogin -->
