<?xml version="1.0" encoding="UTF-8"?>
<!-- Generated by org.testng.reporters.JUnitReportReporter -->
<testsuite skipped="0" hostname="DESKTOP-VEKUJ09" name="OopsConceptQuestion.InvocationCount" tests="6" failures="0" timestamp="09 Jan 2020 05:39:17 GMT" time="0.016" errors="0">
  <testcase name="sum" time="0.000" classname="OopsConceptQuestion.InvocationCount"/>
  <testcase name="sum" time="0.016" classname="OopsConceptQuestion.InvocationCount"/>
  <testcase name="sum" time="0.000" classname="OopsConceptQuestion.InvocationCount"/>
  <testcase name="sum" time="0.000" classname="OopsConceptQuestion.InvocationCount"/>
  <testcase name="sum" time="0.000" classname="OopsConceptQuestion.InvocationCount"/>
  <testcase name="sum" time="0.000" classname="OopsConceptQuestion.InvocationCount"/>
</testsuite> <!-- OopsConceptQuestion.InvocationCount -->
