<?xml version="1.0" encoding="UTF-8"?>
<!-- Generated by org.testng.reporters.JUnitReportReporter -->
<testsuite skipped="0" hostname="DESKTOP-VEKUJ09" name="OopsConceptQuestion.ExceptionTimeOutTest" tests="1" failures="0" timestamp="09 Jan 2020 05:26:10 GMT" time="0.012" errors="0">
  <testcase name="test1" time="0.012" classname="OopsConceptQuestion.ExceptionTimeOutTest"/>
</testsuite> <!-- OopsConceptQuestion.ExceptionTimeOutTest -->
