<?xml version="1.0" encoding="UTF-8"?>
<!-- Generated by org.testng.reporters.JUnitReportReporter -->
<testsuite skipped="0" hostname="DESKTOP-VEKUJ09" name="OopsConceptQuestion.InvocationCount1" tests="10" failures="0" timestamp="23 Oct 2019 18:39:47 GMT" time="0.016" errors="0">
  <testcase name="test" time="0.000" classname="OopsConceptQuestion.InvocationCount1"/>
  <testcase name="test" time="0.001" classname="OopsConceptQuestion.InvocationCount1"/>
  <testcase name="test" time="0.008" classname="OopsConceptQuestion.InvocationCount1"/>
  <testcase name="test" time="0.001" classname="OopsConceptQuestion.InvocationCount1"/>
  <testcase name="test" time="0.001" classname="OopsConceptQuestion.InvocationCount1"/>
  <testcase name="test" time="0.001" classname="OopsConceptQuestion.InvocationCount1"/>
  <testcase name="test" time="0.002" classname="OopsConceptQuestion.InvocationCount1"/>
  <testcase name="test" time="0.001" classname="OopsConceptQuestion.InvocationCount1"/>
  <testcase name="test" time="0.000" classname="OopsConceptQuestion.InvocationCount1"/>
  <testcase name="test" time="0.001" classname="OopsConceptQuestion.InvocationCount1"/>
</testsuite> <!-- OopsConceptQuestion.InvocationCount1 -->
