<?xml version="1.0" encoding="UTF-8"?>
<!-- Generated by org.testng.reporters.JUnitReportReporter -->
<testsuite hostname="DESKTOP-VEKUJ09" name="SeleniumSession.InvocationCount" tests="15" failures="0" timestamp="15 Aug 2019 03:06:52 GMT" time="0.022" errors="0">
  <testcase name="sum" time="0.009" classname="SeleniumSession.InvocationCount"/>
  <testcase name="sum" time="0.001" classname="SeleniumSession.InvocationCount"/>
  <testcase name="sum" time="0.001" classname="SeleniumSession.InvocationCount"/>
  <testcase name="sum" time="0.001" classname="SeleniumSession.InvocationCount"/>
  <testcase name="sum" time="0.001" classname="SeleniumSession.InvocationCount"/>
  <testcase name="sum" time="0.001" classname="SeleniumSession.InvocationCount"/>
  <testcase name="sum" time="0.000" classname="SeleniumSession.InvocationCount"/>
  <testcase name="sum" time="0.001" classname="SeleniumSession.InvocationCount"/>
  <testcase name="sum" time="0.000" classname="SeleniumSession.InvocationCount"/>
  <testcase name="sum" time="0.001" classname="SeleniumSession.InvocationCount"/>
  <testcase name="sum" time="0.001" classname="SeleniumSession.InvocationCount"/>
  <testcase name="sum" time="0.001" classname="SeleniumSession.InvocationCount"/>
  <testcase name="sum" time="0.001" classname="SeleniumSession.InvocationCount"/>
  <testcase name="sum" time="0.001" classname="SeleniumSession.InvocationCount"/>
  <testcase name="sum" time="0.002" classname="SeleniumSession.InvocationCount"/>
</testsuite> <!-- SeleniumSession.InvocationCount -->
