<?xml version="1.0" encoding="UTF-8"?>
<!-- Generated by org.testng.reporters.JUnitReportReporter -->
<testsuite skipped="0" hostname="DESKTOP-VEKUJ09" name="SeleniumSession.JPmorganChase" tests="1" failures="0" timestamp="22 Feb 2020 18:03:03 GMT" time="13.967" errors="0">
  <testcase name="testModules" time="13.967" classname="SeleniumSession.JPmorganChase"/>
</testsuite> <!-- SeleniumSession.JPmorganChase -->
