<?xml version="1.0" encoding="UTF-8"?>
<!-- Generated by org.testng.reporters.JUnitReportReporter -->
<testsuite skipped="0" hostname="DESKTOP-VEKUJ09" name="OopsConceptQuestion.ExceptionTestNg" tests="3" failures="0" timestamp="23 Oct 2019 17:52:48 GMT" time="0.016" errors="0">
  <testcase name="test1" time="0.000" classname="OopsConceptQuestion.ExceptionTestNg"/>
  <testcase name="test" time="0.016" classname="OopsConceptQuestion.ExceptionTestNg"/>
  <testcase name="test3" time="0.000" classname="OopsConceptQuestion.ExceptionTestNg"/>
</testsuite> <!-- OopsConceptQuestion.ExceptionTestNg -->
