<?xml version="1.0" encoding="UTF-8"?>
<!-- Generated by org.testng.reporters.JUnitReportReporter -->
<testsuite skipped="0" hostname="DESKTOP-VEKUJ09" name="OopsConceptQuestion.ExceptionTimeOutTest1" tests="2" failures="0" timestamp="10 Sep 2019 17:58:09 GMT" time="0.016" errors="0">
  <testcase name="test2" time="0.004" classname="OopsConceptQuestion.ExceptionTimeOutTest1"/>
  <testcase name="test1" time="0.012" classname="OopsConceptQuestion.ExceptionTimeOutTest1"/>
</testsuite> <!-- OopsConceptQuestion.ExceptionTimeOutTest1 -->
