<?xml version="1.0" encoding="UTF-8"?>
<!-- Generated by org.testng.reporters.JUnitReportReporter -->
<testsuite skipped="0" hostname="DESKTOP-VEKUJ09" name="SeleniumSession.JPMorganChase1" tests="1" failures="0" timestamp="22 Feb 2020 18:15:48 GMT" time="16.016" errors="0">
  <testcase name="qualityEarnings" time="16.016" classname="SeleniumSession.JPMorganChase1"/>
</testsuite> <!-- SeleniumSession.JPMorganChase1 -->
