<?xml version="1.0" encoding="UTF-8"?>
<!-- Generated by org.testng.reporters.JUnitReportReporter -->
<testsuite skipped="0" hostname="DESKTOP-VEKUJ09" name="SeleniumSession.LoginPage11" tests="2" failures="0" timestamp="05 Dec 2019 16:43:23 GMT" time="4.930" errors="0">
  <testcase name="verifyTitlePage" time="4.813" classname="SeleniumSession.LoginPage11"/>
  <testcase name="getPageSouce" time="0.117" classname="SeleniumSession.LoginPage11"/>
</testsuite> <!-- SeleniumSession.LoginPage11 -->
