<?xml version="1.0" encoding="UTF-8"?>
<!-- Generated by org.testng.reporters.JUnitReportReporter -->
<testsuite skipped="0" hostname="DESKTOP-VEKUJ09" name="SeleniumSession.GooglePage" tests="1" failures="0" timestamp="07 Mar 2020 17:19:02 GMT" time="9.755" errors="0">
  <testcase name="testTitlePage" time="9.755" classname="SeleniumSession.GooglePage"/>
</testsuite> <!-- SeleniumSession.GooglePage -->
