<?xml version="1.0" encoding="UTF-8"?>
<!-- Generated by org.testng.reporters.JUnitReportReporter -->
<testsuite skipped="0" hostname="DESKTOP-VEKUJ09" name="SeleniumSession.GoogleTitlePage" tests="2" failures="0" timestamp="05 Apr 2020 21:31:19 GMT" time="9.589" errors="0">
  <testcase name="titlePage" time="5.225" classname="SeleniumSession.GoogleTitlePage"/>
  <testcase name="images" time="4.364" classname="SeleniumSession.GoogleTitlePage"/>
</testsuite> <!-- SeleniumSession.GoogleTitlePage -->
