<?xml version="1.0" encoding="UTF-8"?>
<!-- Generated by org.testng.reporters.JUnitReportReporter -->
<testsuite skipped="0" hostname="DESKTOP-VEKUJ09" name="OopsConceptQuestion.ExceptionTimeOutTestNG" tests="14" failures="0" timestamp="09 Jan 2020 05:44:08 GMT" time="0.028" errors="0">
  <testcase name="test1" time="0.000" classname="OopsConceptQuestion.ExceptionTimeOutTestNG"/>
  <testcase name="test3" time="0.004" classname="OopsConceptQuestion.ExceptionTimeOutTestNG"/>
  <testcase name="test2" time="0.000" classname="OopsConceptQuestion.ExceptionTimeOutTestNG"/>
  <testcase name="test1" time="0.004" classname="OopsConceptQuestion.ExceptionTimeOutTestNG"/>
  <testcase name="test1" time="0.000" classname="OopsConceptQuestion.ExceptionTimeOutTestNG"/>
  <testcase name="test1" time="0.000" classname="OopsConceptQuestion.ExceptionTimeOutTestNG"/>
  <testcase name="test3" time="0.004" classname="OopsConceptQuestion.ExceptionTimeOutTestNG"/>
  <testcase name="test3" time="0.000" classname="OopsConceptQuestion.ExceptionTimeOutTestNG"/>
  <testcase name="test2" time="0.004" classname="OopsConceptQuestion.ExceptionTimeOutTestNG"/>
  <testcase name="test1" time="0.004" classname="OopsConceptQuestion.ExceptionTimeOutTestNG"/>
  <testcase name="test3" time="0.000" classname="OopsConceptQuestion.ExceptionTimeOutTestNG"/>
  <testcase name="test1" time="0.008" classname="OopsConceptQuestion.ExceptionTimeOutTestNG"/>
  <testcase name="test2" time="0.000" classname="OopsConceptQuestion.ExceptionTimeOutTestNG"/>
  <testcase name="test2" time="0.000" classname="OopsConceptQuestion.ExceptionTimeOutTestNG"/>
</testsuite> <!-- OopsConceptQuestion.ExceptionTimeOutTestNG -->
