<?xml version="1.0" encoding="UTF-8"?>
<!-- Generated by org.testng.reporters.JUnitReportReporter -->
<testsuite skipped="0" hostname="DESKTOP-VEKUJ09" name="ImageDisplay" tests="1" failures="0" timestamp="09 Jan 2020 04:01:14 GMT" time="4.320" errors="0">
  <testcase name="verifyImages" time="4.320" classname="ImageDisplay"/>
</testsuite> <!-- ImageDisplay -->
