<?xml version="1.0" encoding="UTF-8"?>
<!-- Generated by org.testng.reporters.JUnitReportReporter -->
<testsuite skipped="0" hostname="DESKTOP-VEKUJ09" name="SeleniumSession.BankOfAmericaTest" tests="1" failures="0" timestamp="06 Mar 2020 03:38:22 GMT" time="9.795" errors="0">
  <testcase name="getTitlePage" time="9.795" classname="SeleniumSession.BankOfAmericaTest"/>
</testsuite> <!-- SeleniumSession.BankOfAmericaTest -->
