<?xml version="1.0" encoding="UTF-8"?>
<!-- Generated by org.testng.reporters.JUnitReportReporter -->
<testsuite skipped="0" hostname="DESKTOP-VEKUJ09" name="OopsConceptQuestion.ExceptionTimeOut" tests="1" failures="0" timestamp="09 Jan 2020 05:33:11 GMT" time="0.016" errors="0">
  <testcase name="test" time="0.016" classname="OopsConceptQuestion.ExceptionTimeOut"/>
</testsuite> <!-- OopsConceptQuestion.ExceptionTimeOut -->
