<?xml version="1.0" encoding="UTF-8"?>
<!-- Generated by org.testng.reporters.JUnitReportReporter -->
<testsuite skipped="0" hostname="DESKTOP-VEKUJ09" name="HomePageTile" tests="1" failures="0" timestamp="14 Dec 2019 19:29:39 GMT" time="7.061" errors="0">
  <testcase name="vefifyTitlePage" time="7.061" classname="HomePageTile"/>
</testsuite> <!-- HomePageTile -->
