<?xml version="1.0" encoding="UTF-8"?>
<!-- Generated by org.testng.reporters.JUnitReportReporter -->
<testsuite skipped="0" hostname="DESKTOP-VEKUJ09" name="SeleniumSession.GoogeTitlePage" tests="3" failures="0" timestamp="16 Apr 2020 23:09:59 GMT" time="25.441" errors="0">
  <testcase name="getTitlePageTest" time="8.847" classname="SeleniumSession.GoogeTitlePage"/>
  <testcase name="clickGmailLink" time="10.085" classname="SeleniumSession.GoogeTitlePage"/>
  <testcase name="writeSelenium" time="6.509" classname="SeleniumSession.GoogeTitlePage"/>
</testsuite> <!-- SeleniumSession.GoogeTitlePage -->
